12525
13
2.653372285457758
-179.0618180495042
-249.75101412259616
-575.2231116661659
-732.7057589017428
-863.0027342576248
-1201.1481229341948
-1577.7377272385818
-1720.7056321364182
-1864.3821645883413
-2075.7751746544473
-2183.4989107572114
-2421.412409855769
-2604.217228816106
-3317.776104266827
-3467.864736703726
-3631.9978872445913
-3810.591834435096
-3988.920691856971
-4168.398719200721
-4358.200946514423
-4540.867318960337
-4720.688814603365
-4899.51669546274
-5077.417705829327
-5089.778282752404
-5092.919583834135
-5093.778771033654
-5096.106163611779
=> Finished Pre-Train Generation <=
Pretrain Done
