Found the log file! Reading it...
Current Epoch is:  0
Found data files => loaded in the old data at: ../data/ds_250_uw_x_dataset.npy
current x_dataset size:  torch.Size([23800, 240])
current dx_dataset size:  torch.Size([23800, 10, 240])
step 0, train_loss 2.2517e+00
step 5, train_loss 1.6970e+00
step 10, train_loss 1.6271e+00
step 15, train_loss 1.8274e+00
step 20, train_loss 2.1434e+00
step 25, train_loss 1.5331e+00
step 30, train_loss 7.6751e-01
step 35, train_loss 1.5310e+00
step 40, train_loss 2.1467e+00
step 45, train_loss 9.4273e-01
step 50, train_loss 1.3398e+00
step 55, train_loss 2.1762e+00
step 60, train_loss 2.0012e+00
step 65, train_loss 1.7046e+00
step 70, train_loss 1.5900e+00
step 75, train_loss 2.1036e+00
step 80, train_loss 2.5386e+00
step 85, train_loss 1.7058e+00
step 90, train_loss 7.2844e-01
step 95, train_loss 1.6666e+00
step 100, train_loss 2.2327e+00
step 105, train_loss 1.3419e+00
step 110, train_loss 1.8767e+00
step 115, train_loss 1.9569e+00
step 120, train_loss 1.5749e+00
step 125, train_loss 1.4065e+00
step 130, train_loss 2.1753e+00
step 135, train_loss 1.8267e+00
step 140, train_loss 1.7699e+00
step 145, train_loss 1.9893e+00
step 150, train_loss 1.8436e+00
step 155, train_loss 2.2670e+00
step 160, train_loss 1.5998e+00
step 165, train_loss 1.8897e+00
step 170, train_loss 1.4028e+00
step 175, train_loss 1.1277e+00
step 180, train_loss 1.4131e+00
step 185, train_loss 1.5905e+00
step 190, train_loss 1.1011e+00
step 195, train_loss 1.8879e+00
step 200, train_loss 1.3549e+00
step 205, train_loss 1.0675e+00
step 210, train_loss 1.5835e+00
step 215, train_loss 1.4042e+00
step 220, train_loss 1.0418e+00
step 225, train_loss 2.6974e+00
step 230, train_loss 1.9595e+00
step 235, train_loss 1.5817e+00
step 240, train_loss 1.7774e+00
step 245, train_loss 1.2166e+00
step 250, train_loss 1.2502e+00
step 255, train_loss 2.0300e+00
step 260, train_loss 1.4064e+00
step 265, train_loss 1.8279e+00
step 270, train_loss 1.4109e+00
step 275, train_loss 1.9197e+00
step 280, train_loss 2.0191e+00
step 285, train_loss 2.1728e+00
step 290, train_loss 1.1878e+00
step 295, train_loss 1.3237e+00
step 300, train_loss 1.3003e+00
step 305, train_loss 2.8023e+00
step 310, train_loss 1.8245e+00
step 315, train_loss 3.0052e+00
step 320, train_loss 1.5074e+00
step 325, train_loss 1.5072e+00
step 330, train_loss 1.6571e+00
step 335, train_loss 2.3137e+00
step 340, train_loss 1.5238e+00
step 345, train_loss 2.0307e+00
step 350, train_loss 1.3762e+00
step 355, train_loss 2.4471e+00
step 360, train_loss 1.5323e+00
step 365, train_loss 1.9479e+00
step 370, train_loss 1.8983e+00
step 375, train_loss 1.4667e+00
step 380, train_loss 2.1297e+00
step 385, train_loss 2.1359e+00
step 390, train_loss 2.2408e+00
step 395, train_loss 1.2963e+00
step 400, train_loss 2.1813e+00
step 405, train_loss 1.5402e+00
step 410, train_loss 7.8760e-01
step 415, train_loss 1.8566e+00
step 420, train_loss 2.1554e+00
step 425, train_loss 1.5783e+00
step 430, train_loss 1.4585e+00
step 435, train_loss 2.3011e+00
step 440, train_loss 1.1357e+00
step 445, train_loss 8.6604e-01
step 450, train_loss 2.2724e+00
step 455, train_loss 1.8336e+00
step 460, train_loss 1.5578e+00
step 465, train_loss 2.6316e+00
step 470, train_loss 2.3280e+00
step 475, train_loss 1.6577e+00
step 480, train_loss 2.1599e+00
step 485, train_loss 9.9348e-01
step 490, train_loss 1.8185e+00
step 495, train_loss 2.6125e+00
step 500, train_loss 2.3891e+00
step 505, train_loss 1.4065e+00
step 510, train_loss 1.3097e+00
step 515, train_loss 1.2967e+00
step 520, train_loss 2.0810e+00
step 525, train_loss 1.1282e+00
step 530, train_loss 1.0745e+00
step 535, train_loss 1.8476e+00
step 540, train_loss 1.9546e+00
step 545, train_loss 1.6996e+00
step 550, train_loss 1.1268e+00
step 555, train_loss 2.2589e+00
step 560, train_loss 2.0995e+00
step 565, train_loss 9.6380e-01
step 570, train_loss 8.7753e-01
step 575, train_loss 1.5642e+00
step 580, train_loss 2.0155e+00
step 585, train_loss 1.5460e+00
step 590, train_loss 2.1041e+00
step 595, train_loss 1.8418e+00
step 600, train_loss 2.4468e+00
step 605, train_loss 1.3623e+00
step 610, train_loss 1.3117e+00
step 615, train_loss 1.3841e+00
step 620, train_loss 2.4536e+00
step 625, train_loss 1.9332e+00
step 630, train_loss 2.1189e+00
step 635, train_loss 1.4364e+00
step 640, train_loss 2.4416e+00
step 645, train_loss 1.8671e+00
step 650, train_loss 1.8759e+00
step 655, train_loss 1.8248e+00
step 660, train_loss 1.5133e+00
step 665, train_loss 2.4632e+00
step 670, train_loss 1.1604e+00
step 675, train_loss 1.8751e+00
step 680, train_loss 9.7432e-01
step 685, train_loss 1.5287e+00
step 690, train_loss 1.5759e+00
step 695, train_loss 2.2583e+00
step 700, train_loss 1.1857e+00
step 705, train_loss 1.6098e+00
step 710, train_loss 2.1859e+00
step 715, train_loss 1.7494e+00
step 720, train_loss 1.8318e+00
step 725, train_loss 1.5490e+00
step 730, train_loss 1.3420e+00
step 735, train_loss 2.1888e+00
step 740, train_loss 1.7228e+00
step 745, train_loss 1.3639e+00
step 750, train_loss 2.3296e+00
step 755, train_loss 1.2116e+00
step 760, train_loss 2.0605e+00
step 765, train_loss 1.2813e+00
step 770, train_loss 2.4909e+00
step 775, train_loss 2.1578e+00
step 780, train_loss 1.2439e+00
step 785, train_loss 2.3819e+00
step 790, train_loss 1.7759e+00
step 795, train_loss 1.5357e+00
step 800, train_loss 1.4597e+00
step 805, train_loss 2.2713e+00
step 810, train_loss 1.7461e+00
step 815, train_loss 1.8253e+00
step 820, train_loss 9.9109e-01
step 825, train_loss 1.5169e+00
step 830, train_loss 1.5096e+00
step 835, train_loss 1.3109e+00
step 840, train_loss 2.0030e+00
step 845, train_loss 1.5378e+00
step 850, train_loss 1.5077e+00
step 855, train_loss 2.0010e+00
step 860, train_loss 2.0933e+00
step 865, train_loss 1.7874e+00
step 870, train_loss 1.8250e+00
step 875, train_loss 2.0746e+00
step 880, train_loss 1.6209e+00
step 885, train_loss 2.1728e+00
step 890, train_loss 1.5282e+00
step 895, train_loss 1.6466e+00
step 900, train_loss 2.0572e+00
step 905, train_loss 2.0052e+00
step 910, train_loss 1.8115e+00
step 915, train_loss 1.1018e+00
step 920, train_loss 1.9920e+00
step 925, train_loss 1.8556e+00
step 930, train_loss 1.1231e+00
step 935, train_loss 1.8566e+00
step 940, train_loss 1.7696e+00
step 945, train_loss 2.1274e+00
step 950, train_loss 2.3593e+00
step 955, train_loss 2.1041e+00
step 960, train_loss 1.0871e+00
step 965, train_loss 1.4185e+00
step 970, train_loss 2.2638e+00
step 975, train_loss 2.0898e+00
step 980, train_loss 1.8849e+00
step 985, train_loss 1.8555e+00
step 990, train_loss 1.7306e+00
step 995, train_loss 1.5513e+00
step 1000, train_loss 1.8160e+00
step 1005, train_loss 1.9616e+00
step 1010, train_loss 2.1637e+00
step 1015, train_loss 2.2037e+00
step 1020, train_loss 1.2481e+00
step 1025, train_loss 2.1588e+00
step 1030, train_loss 1.4644e+00
step 1035, train_loss 1.2316e+00
step 1040, train_loss 2.1629e+00
step 1045, train_loss 1.5880e+00
step 1050, train_loss 1.6622e+00
step 1055, train_loss 2.3974e+00
step 1060, train_loss 1.7876e+00
step 1065, train_loss 1.9085e+00
step 1070, train_loss 1.4953e+00
step 1075, train_loss 2.0106e+00
step 1080, train_loss 8.7696e-01
step 1085, train_loss 1.6953e+00
step 1090, train_loss 1.0277e+00
step 1095, train_loss 3.2348e+00
step 1100, train_loss 2.1068e+00
step 1105, train_loss 8.8637e-01
step 1110, train_loss 1.7938e+00
step 1115, train_loss 9.1148e-01
step 1120, train_loss 1.8058e+00
step 1125, train_loss 1.6251e+00
step 1130, train_loss 1.5068e+00
step 1135, train_loss 1.3532e+00
step 1140, train_loss 1.8652e+00
step 1145, train_loss 1.8015e+00
step 1150, train_loss 2.3881e+00
step 1155, train_loss 1.8913e+00
step 1160, train_loss 1.9904e+00
step 1165, train_loss 1.6979e+00
step 1170, train_loss 2.4054e+00
step 1175, train_loss 1.8583e+00
step 1180, train_loss 1.6774e+00
step 1185, train_loss 1.6049e+00
step 1190, train_loss 1.7640e+00
step 1195, train_loss 8.6334e-01
step 1200, train_loss 1.7715e+00
step 1205, train_loss 1.5570e+00
step 1210, train_loss 1.7976e+00
step 1215, train_loss 1.5506e+00
step 1220, train_loss 2.2257e+00
step 1225, train_loss 1.8142e+00
step 1230, train_loss 1.3711e+00
step 1235, train_loss 1.2894e+00
step 1240, train_loss 2.1690e+00
step 1245, train_loss 2.0679e+00
step 1250, train_loss 1.4396e+00
step 1255, train_loss 1.6945e+00
step 1260, train_loss 1.0720e+00
step 1265, train_loss 9.2737e-01
step 1270, train_loss 1.5989e+00
step 1275, train_loss 1.2193e+00
step 1280, train_loss 2.0849e+00
step 1285, train_loss 9.6852e-01
step 1290, train_loss 1.0406e+00
step 1295, train_loss 1.7881e+00
step 1300, train_loss 1.1013e+00
step 1305, train_loss 1.6771e+00
step 1310, train_loss 1.8366e+00
step 1315, train_loss 1.8041e+00
step 1320, train_loss 1.3448e+00
step 1325, train_loss 1.4135e+00
step 1330, train_loss 1.4075e+00
step 1335, train_loss 8.4346e-01
step 1340, train_loss 1.6982e+00
step 1345, train_loss 1.6541e+00
step 1350, train_loss 1.8946e+00
step 1355, train_loss 1.6969e+00
step 1360, train_loss 1.3397e+00
step 1365, train_loss 2.0066e+00
step 1370, train_loss 1.7072e+00
step 1375, train_loss 1.9855e+00
step 1380, train_loss 1.7029e+00
step 1385, train_loss 1.4455e+00
step 1390, train_loss 1.5152e+00
step 1395, train_loss 1.7036e+00
step 1400, train_loss 1.9087e+00
step 1405, train_loss 1.2399e+00
step 1410, train_loss 2.2697e+00
step 1415, train_loss 1.5024e+00
step 1420, train_loss 1.4258e+00
step 1425, train_loss 1.3790e+00
step 1430, train_loss 1.8492e+00
step 1435, train_loss 1.5555e+00
step 1440, train_loss 1.7898e+00
step 1445, train_loss 2.4858e+00
step 1450, train_loss 1.7781e+00
step 1455, train_loss 1.2327e+00
step 1460, train_loss 1.0913e+00
step 1465, train_loss 1.2501e+00
step 1470, train_loss 2.1512e+00
step 1475, train_loss 1.1426e+00
step 1480, train_loss 1.4313e+00
step 1485, train_loss 1.6835e+00
step 1490, train_loss 1.5848e+00
step 1495, train_loss 1.4169e+00
step 1500, train_loss 1.5823e+00
step 1505, train_loss 1.6830e+00
step 1510, train_loss 2.1153e+00
step 1515, train_loss 2.0489e+00
step 1520, train_loss 1.2449e+00
step 1525, train_loss 1.2820e+00
step 1530, train_loss 1.4527e+00
step 1535, train_loss 1.5221e+00
step 1540, train_loss 1.6235e+00
step 1545, train_loss 2.5880e+00
step 1550, train_loss 2.3033e+00
step 1555, train_loss 1.6927e+00
step 1560, train_loss 1.2749e+00
step 1565, train_loss 8.3252e-01
step 1570, train_loss 1.3524e+00
step 1575, train_loss 1.8844e+00
step 1580, train_loss 1.7440e+00
step 1585, train_loss 1.6156e+00
step 1590, train_loss 2.0137e+00
step 1595, train_loss 1.9155e+00
step 1600, train_loss 1.2793e+00
step 1605, train_loss 1.7400e+00
step 1610, train_loss 1.8583e+00
step 1615, train_loss 6.4288e-01
step 1620, train_loss 1.4207e+00
step 1625, train_loss 1.4808e+00
step 1630, train_loss 1.6543e+00
step 1635, train_loss 1.3177e+00
step 1640, train_loss 1.9644e+00
step 1645, train_loss 9.1049e-01
step 1650, train_loss 1.2290e+00
step 1655, train_loss 1.3887e+00
step 1660, train_loss 1.6401e+00
step 1665, train_loss 1.2680e+00
step 1670, train_loss 1.5010e+00
step 1675, train_loss 2.0117e+00
step 1680, train_loss 1.9522e+00
step 1685, train_loss 1.4505e+00
step 1690, train_loss 1.9425e+00
step 1695, train_loss 1.2757e+00
step 1700, train_loss 1.6995e+00
step 1705, train_loss 1.5824e+00
step 1710, train_loss 2.1155e+00
step 1715, train_loss 1.5279e+00
step 1720, train_loss 1.5473e+00
step 1725, train_loss 2.2049e+00
step 1730, train_loss 2.2911e+00
step 1735, train_loss 1.6248e+00
step 1740, train_loss 9.8199e-01
step 1745, train_loss 1.8030e+00
step 1750, train_loss 1.7612e+00
step 1755, train_loss 1.7731e+00
step 1760, train_loss 2.5595e+00
step 1765, train_loss 2.0953e+00
step 1770, train_loss 1.9421e+00
step 1775, train_loss 1.4666e+00
step 1780, train_loss 1.8400e+00
step 1785, train_loss 1.4680e+00
step 1790, train_loss 1.8097e+00
step 1795, train_loss 2.7037e+00
step 1800, train_loss 2.3344e+00
step 1805, train_loss 2.1041e+00
step 1810, train_loss 1.3568e+00
step 1815, train_loss 2.0369e+00
step 1820, train_loss 1.5831e+00
step 1825, train_loss 1.4977e+00
step 1830, train_loss 2.1676e+00
step 1835, train_loss 1.8347e+00
step 1840, train_loss 1.7823e+00
step 1845, train_loss 2.1655e+00
step 1850, train_loss 1.6190e+00
step 1855, train_loss 1.6453e+00
step 1860, train_loss 1.3161e+00
step 1865, train_loss 1.3778e+00
step 1870, train_loss 1.5389e+00
step 1875, train_loss 2.3186e+00
step 1880, train_loss 1.9672e+00
step 1885, train_loss 1.3410e+00
step 1890, train_loss 1.1036e+00
step 1895, train_loss 1.6834e+00
step 1900, train_loss 1.5578e+00
step 1905, train_loss 1.5206e+00
step 1910, train_loss 1.9024e+00
step 1915, train_loss 2.5269e+00
step 1920, train_loss 1.4791e+00
step 1925, train_loss 1.4334e+00
step 1930, train_loss 1.6889e+00
step 1935, train_loss 2.1732e+00
step 1940, train_loss 1.6019e+00
step 1945, train_loss 2.4872e+00
step 1950, train_loss 1.9224e+00
step 1955, train_loss 1.2193e+00
step 1960, train_loss 1.4466e+00
step 1965, train_loss 1.6179e+00
step 1970, train_loss 1.6031e+00
step 1975, train_loss 1.9814e+00
step 1980, train_loss 2.0846e+00
step 1985, train_loss 1.5319e+00
step 1990, train_loss 1.8798e+00
step 1995, train_loss 1.8425e+00
step 2000, train_loss 7.2556e-01
step 2005, train_loss 2.0494e+00
step 2010, train_loss 1.6476e+00
step 2015, train_loss 1.8077e+00
step 2020, train_loss 1.5057e+00
step 2025, train_loss 1.8564e+00
step 2030, train_loss 1.8007e+00
step 2035, train_loss 1.5194e+00
step 2040, train_loss 1.7072e+00
step 2045, train_loss 1.9495e+00
step 2050, train_loss 8.1595e-01
step 2055, train_loss 2.1823e+00
step 2060, train_loss 9.9837e-01
step 2065, train_loss 1.9898e+00
step 2070, train_loss 2.2991e+00
step 2075, train_loss 1.7259e+00
step 2080, train_loss 2.2427e+00
step 2085, train_loss 1.3136e+00
step 2090, train_loss 1.1776e+00
step 2095, train_loss 1.8104e+00
step 2100, train_loss 1.6145e+00
step 2105, train_loss 1.8031e+00
step 2110, train_loss 1.5725e+00
step 2115, train_loss 1.1905e+00
step 2120, train_loss 2.1406e+00
step 2125, train_loss 2.0953e+00
step 2130, train_loss 2.0438e+00
step 2135, train_loss 2.1715e+00
step 2140, train_loss 2.2952e+00
step 2145, train_loss 1.7640e+00
step 2150, train_loss 2.0984e+00
step 2155, train_loss 1.5040e+00
step 2160, train_loss 1.7880e+00
step 2165, train_loss 1.7309e+00
step 2170, train_loss 1.0862e+00
step 2175, train_loss 1.9482e+00
step 2180, train_loss 1.2042e+00
step 2185, train_loss 2.2118e+00
step 2190, train_loss 1.9199e+00
step 2195, train_loss 1.5884e+00
step 2200, train_loss 2.1402e+00
step 2205, train_loss 1.1531e+00
step 2210, train_loss 1.9909e+00
step 2215, train_loss 1.8193e+00
step 2220, train_loss 1.8787e+00
step 2225, train_loss 1.9174e+00
step 2230, train_loss 2.0454e+00
step 2235, train_loss 1.1334e+00
step 2240, train_loss 1.2546e+00
step 2245, train_loss 1.0663e+00
step 2250, train_loss 1.3632e+00
step 2255, train_loss 1.3178e+00
step 2260, train_loss 1.8545e+00
step 2265, train_loss 1.3019e+00
step 2270, train_loss 2.2218e+00
step 2275, train_loss 1.0110e+00
step 2280, train_loss 2.1332e+00
step 2285, train_loss 1.7739e+00
step 2290, train_loss 1.7950e+00
step 2295, train_loss 1.6847e+00
step 2300, train_loss 1.0269e+00
step 2305, train_loss 1.5393e+00
step 2310, train_loss 2.1162e+00
step 2315, train_loss 1.5168e+00
step 2320, train_loss 2.0036e+00
step 2325, train_loss 1.8466e+00
step 2330, train_loss 1.3092e+00
step 2335, train_loss 1.9187e+00
step 2340, train_loss 1.6047e+00
step 2345, train_loss 1.3476e+00
step 2350, train_loss 1.8646e+00
step 2355, train_loss 2.2295e+00
step 2360, train_loss 2.2934e+00
step 2365, train_loss 2.4802e+00
step 2370, train_loss 1.6955e+00
step 2375, train_loss 1.2423e+00
step 0, train_loss 1.6576e+00
step 5, train_loss 1.2748e+00
step 10, train_loss 6.1763e-01
step 15, train_loss 1.3739e+00
step 20, train_loss 1.7698e+00
step 25, train_loss 1.6685e+00
step 30, train_loss 1.1651e+00
step 35, train_loss 1.9560e+00
step 40, train_loss 1.9207e+00
step 45, train_loss 1.3074e+00
step 50, train_loss 1.7924e+00
step 55, train_loss 2.4016e+00
step 60, train_loss 1.6054e+00
step 65, train_loss 1.6727e+00
step 70, train_loss 5.5910e-01
step 75, train_loss 1.2982e+00
step 80, train_loss 1.0182e+00
step 85, train_loss 2.0741e+00
step 90, train_loss 1.6500e+00
step 95, train_loss 1.9077e+00
step 100, train_loss 1.7855e+00
step 105, train_loss 2.0639e+00
step 110, train_loss 2.6606e+00
step 115, train_loss 9.8448e-01
step 120, train_loss 1.1715e+00
step 125, train_loss 1.2169e+00
step 130, train_loss 9.7597e-01
step 135, train_loss 1.7147e+00
step 140, train_loss 1.3777e+00
step 145, train_loss 1.4655e+00
step 150, train_loss 1.3599e+00
step 155, train_loss 1.4071e+00
step 160, train_loss 1.6805e+00
step 165, train_loss 1.8954e+00
step 170, train_loss 1.7661e+00
step 175, train_loss 1.3469e+00
step 180, train_loss 1.7341e+00
step 185, train_loss 8.1124e-01
step 190, train_loss 1.3149e+00
step 195, train_loss 2.2871e+00
step 200, train_loss 2.4407e+00
step 205, train_loss 1.8378e+00
step 210, train_loss 2.5165e+00
step 215, train_loss 1.5419e+00
step 220, train_loss 1.5211e+00
step 225, train_loss 1.9966e+00
step 230, train_loss 1.2503e+00
step 235, train_loss 1.8462e+00
step 240, train_loss 2.0265e+00
step 245, train_loss 2.0245e+00
step 250, train_loss 1.8845e+00
step 255, train_loss 1.4852e+00
step 260, train_loss 1.2132e+00
step 265, train_loss 1.7661e+00
step 270, train_loss 9.4687e-01
step 275, train_loss 1.4362e+00
step 280, train_loss 1.3585e+00
step 285, train_loss 1.3447e+00
step 290, train_loss 1.9449e+00
step 295, train_loss 1.1263e+00
step 300, train_loss 1.6081e+00
step 305, train_loss 2.0655e+00
step 310, train_loss 1.5988e+00
step 315, train_loss 1.9350e+00
step 320, train_loss 1.3670e+00
step 325, train_loss 1.9593e+00
step 330, train_loss 1.7169e+00
step 335, train_loss 1.5487e+00
step 340, train_loss 2.1851e+00
step 345, train_loss 2.6022e+00
step 350, train_loss 1.0891e+00
step 355, train_loss 2.1234e+00
step 360, train_loss 1.3671e+00
step 365, train_loss 1.5832e+00
step 370, train_loss 2.7497e+00
step 375, train_loss 1.8223e+00
step 380, train_loss 1.3956e+00
step 385, train_loss 1.0784e+00
step 390, train_loss 1.6470e+00
step 395, train_loss 2.2361e+00
step 400, train_loss 1.9873e+00
step 405, train_loss 1.4663e+00
step 410, train_loss 1.5400e+00
step 415, train_loss 1.4530e+00
step 420, train_loss 1.7162e+00
step 425, train_loss 1.6925e+00
step 430, train_loss 1.9858e+00
step 435, train_loss 1.5461e+00
step 440, train_loss 9.2284e-01
step 445, train_loss 1.4989e+00
step 450, train_loss 1.7481e+00
step 455, train_loss 8.5364e-01
step 460, train_loss 1.3889e+00
step 465, train_loss 1.4050e+00
step 470, train_loss 1.8706e+00
step 475, train_loss 1.7148e+00
step 480, train_loss 1.7148e+00
step 485, train_loss 1.4450e+00
step 490, train_loss 1.9582e+00
step 495, train_loss 1.7852e+00
step 500, train_loss 2.1523e+00
step 505, train_loss 1.8765e+00
step 510, train_loss 2.2169e+00
step 515, train_loss 1.9813e+00
step 520, train_loss 2.0380e+00
step 525, train_loss 2.4664e+00
step 530, train_loss 2.0060e+00
step 535, train_loss 1.3506e+00
step 540, train_loss 1.5058e+00
step 545, train_loss 1.0949e+00
step 550, train_loss 1.3341e+00
step 555, train_loss 1.5028e+00
step 560, train_loss 1.0758e+00
step 565, train_loss 1.5362e+00
step 570, train_loss 1.9938e+00
step 575, train_loss 1.6670e+00
step 580, train_loss 1.8100e+00
step 585, train_loss 1.4980e+00
step 590, train_loss 2.0396e+00
step 595, train_loss 1.5023e+00
step 600, train_loss 1.5420e+00
step 605, train_loss 1.8714e+00
step 610, train_loss 1.2152e+00
step 615, train_loss 1.6022e+00
step 620, train_loss 2.0526e+00
step 625, train_loss 1.3350e+00
step 630, train_loss 1.9027e+00
step 635, train_loss 1.4350e+00
step 640, train_loss 1.3956e+00
step 645, train_loss 1.0853e+00
step 650, train_loss 3.1114e+00
step 655, train_loss 2.0330e+00
step 660, train_loss 1.8858e+00
step 665, train_loss 1.8408e+00
step 670, train_loss 1.9268e+00
step 675, train_loss 1.3835e+00
step 680, train_loss 1.4353e+00
step 685, train_loss 1.2101e+00
step 690, train_loss 1.6068e+00
step 695, train_loss 2.3933e+00
step 700, train_loss 1.6804e+00
step 705, train_loss 2.0353e+00
step 710, train_loss 1.6815e+00
step 715, train_loss 1.4588e+00
step 720, train_loss 1.8376e+00
step 725, train_loss 2.0424e+00
step 730, train_loss 8.5293e-01
step 735, train_loss 1.8016e+00
step 740, train_loss 2.4118e+00
step 745, train_loss 1.7223e+00
step 750, train_loss 1.1880e+00
step 755, train_loss 1.1900e+00
step 760, train_loss 2.2175e+00
step 765, train_loss 1.5747e+00
step 770, train_loss 1.9900e+00
step 775, train_loss 2.0767e+00
step 780, train_loss 1.6007e+00
step 785, train_loss 2.1684e+00
step 790, train_loss 1.3331e+00
step 795, train_loss 1.9260e+00
step 800, train_loss 2.2701e+00
step 805, train_loss 1.2158e+00
step 810, train_loss 1.8174e+00
step 815, train_loss 1.4855e+00
step 820, train_loss 1.9186e+00
step 825, train_loss 1.1184e+00
step 830, train_loss 1.7286e+00
step 835, train_loss 1.7908e+00
