12525
13
3040.487140362079
397.61558297964245
168.91301023043118
122.24300765991211
95.35161414513222
84.00317617563101
74.32720184326172
72.04425342266376
64.6730446448693
63.79705634483924
59.49625103290264
56.53801287137545
55.92749727689303
54.036263979398285
52.50866112342248
51.54782926119291
51.34607021625225
50.51375345083383
49.36951094407301
48.25852438119742
47.47360288179838
47.00543975830078
46.908296438363884
46.216908381535454
46.164278323833756
45.96852199847881
45.26714207575871
44.748877451970024
44.361221020038315
43.969349787785454
43.40310991727389
-864.8507281816923
-2890.1954627403848
-3473.7312762920674
-3745.82856633113
-3836.142315204327
-3863.900155874399
-3883.1309908353364
-3897.783954326923
-3913.994619516226
-3946.6185584435098
-3981.561279296875
-3998.9684119591348
-4049.581749549279
-4106.476355919471
-4113.147705078125
-4124.5359450120195
-4130.443434495192
-4136.74941781851
-4142.6605881911055
-4154.665358323317
-4195.936992938702
-4251.425067608173
-4268.3617600661055
-4274.731802133413
-4280.992600661058
-4328.442551832933
-4337.266582782452
-4341.452524038462
-4345.8676194411055
-4351.548602764423
-4356.205190805288
-4360.267803485577
-4364.258075420673
-4367.680945763221
-4369.081674429087
-4374.806020883413
-4378.121300330529
-4382.2138108473555
-4386.9006911057695
-4390.108266977163
-4396.802753155048
-4408.51064828726
-4453.34023813101
-4492.520301231971
-4505.767014723558
-4509.01123046875
-4512.615685096154
-4513.0128831129805
-4514.7086838942305
-4516.113619290865
-4517.002892127404
-4518.373215895433
-4522.775916466346
-4563.027212289663
-4581.107196514423
-4591.048959585337
-4592.89071890024
-4597.364032451923
-4597.7565354567305
-4599.492337740385
-4600.6304274338945
-4602.425631009615
-4602.892653245192
-4604.1764573317305
-4605.139291616587
-4605.6181640625
-4607.308837890625
-4608.374962439904
-4608.867262620192
-4609.8428297776445
-4611.099008413462
-4611.451434795673
-4611.55312875601
-4612.317889873798
-4612.608022836538
-4613.048546424279
-4661.282921424279
-4668.3386793870195
-4670.908240685096
-4674.077862079327
-4674.768723707933
-4675.879751352163
-4676.196251502404
-4676.9591721754805
-4677.160982572115
-4677.232666015625
-4677.92861703726
-4678.628004807692
-4679.7252854567305
-4679.7334547776445
-4680.271615835337
-4680.420053335337
-4681.028583233173
-4681.148418719952
-4681.4057053786055
=> Finished Pre-Train Generation <=
Pretrain Done
