12525
13
100435.58052884616
59267.3046875
43212.521183894234
32985.640700120195
25799.37702824519
21409.047400841348
18951.039287860578
15788.39569561298
14478.52216045673
13010.043832632211
12097.33954326923
11399.872145432691
9984.350041316105
9005.57851938101
8558.767953725961
7860.8115797776445
7115.8667555588945
6923.816913311298
6603.783954326923
6300.661057692308
5908.033710186298
5611.210918719952
5496.870830829327
4995.578106219952
4955.542489858774
4843.123816856971
3994.8494403545674
3885.7017822265625
3880.1801006610576
3391.445763221154
3180.2203556941104
3125.2466477614184
2748.1048114483174
2585.385019155649
2402.416222205529
2365.2734093299277
2213.6117412860576
2022.0213529146636
2018.774169921875
1895.959989107572
1759.298067533053
=> Finished Pre-Train Generation <=
Pretrain Done
